mode: atomic
brainfuck/cmd/main.go:3.14,4.2 0 0
brainfuck/internal/stack/stack.go:11.19,15.2 1 4
brainfuck/internal/stack/stack.go:17.29,21.2 3 3
brainfuck/internal/stack/stack.go:23.35,24.23 1 2
brainfuck/internal/stack/stack.go:24.23,26.3 1 1
brainfuck/internal/stack/stack.go:28.2,30.16 2 1
brainfuck/internal/bf/bf.go:20.36,26.2 2 15
brainfuck/internal/bf/bf.go:28.61,30.2 1 7
brainfuck/internal/bf/bf.go:32.45,33.30 1 6
brainfuck/internal/bf/bf.go:33.30,35.3 1 1
brainfuck/internal/bf/bf.go:36.2,36.45 1 5
brainfuck/internal/bf/bf.go:36.45,37.22 1 14
brainfuck/internal/bf/bf.go:38.12,39.18 1 7
brainfuck/internal/bf/bf.go:40.12,41.17 1 1
brainfuck/internal/bf/bf.go:42.12,43.17 1 1
brainfuck/internal/bf/bf.go:44.12,45.17 1 2
brainfuck/internal/bf/bf.go:46.12,47.14 1 1
brainfuck/internal/bf/bf.go:48.11,49.12 1 2
brainfuck/internal/bf/bf.go:53.2,53.12 1 5
brainfuck/internal/bf/bf.go:56.36,57.25 1 18
brainfuck/internal/bf/bf.go:57.25,60.3 2 1
brainfuck/internal/bf/bf.go:61.2,61.9 1 17
brainfuck/internal/bf/bf.go:64.35,65.16 1 4
brainfuck/internal/bf/bf.go:65.16,68.3 2 1
brainfuck/internal/bf/bf.go:69.2,69.9 1 3
brainfuck/internal/bf/bf.go:72.35,74.2 1 2
brainfuck/internal/bf/bf.go:76.35,78.2 1 4
brainfuck/internal/bf/bf.go:80.32,82.2 1 2
